Assuming unrestricted shared filesystem usage.
None
host: clust1-node-26.cri.camres.org
Building DAG of jobs...
Traceback (most recent call last):

  File "/Users/truong01/miniconda3/envs/wildseq/lib/python3.12/site-packages/snakemake/cli.py", line 2172, in args_to_api
    dag_api.execute_workflow(

  File "/Users/truong01/miniconda3/envs/wildseq/lib/python3.12/site-packages/snakemake/api.py", line 606, in execute_workflow
    workflow.execute(

  File "/Users/truong01/miniconda3/envs/wildseq/lib/python3.12/site-packages/snakemake/workflow.py", line 1225, in execute
    self._build_dag()

  File "/Users/truong01/miniconda3/envs/wildseq/lib/python3.12/site-packages/snakemake/workflow.py", line 1171, in _build_dag
    async_run(self.dag.init())

  File "/Users/truong01/miniconda3/envs/wildseq/lib/python3.12/site-packages/snakemake/common/__init__.py", line 99, in async_run
    return asyncio.run(coroutine)
           ^^^^^^^^^^^^^^^^^^^^^^

  File "/Users/truong01/miniconda3/envs/wildseq/lib/python3.12/asyncio/runners.py", line 195, in run
    return runner.run(main)
           ^^^^^^^^^^^^^^^^

  File "/Users/truong01/miniconda3/envs/wildseq/lib/python3.12/asyncio/runners.py", line 118, in run
    return self._loop.run_until_complete(task)
           ^^^^^^^^^^^^^^^^^^^^^^^^^^^^^^^^^^^

  File "/Users/truong01/miniconda3/envs/wildseq/lib/python3.12/asyncio/base_events.py", line 691, in run_until_complete
    return future.result()
           ^^^^^^^^^^^^^^^

  File "/Users/truong01/miniconda3/envs/wildseq/lib/python3.12/site-packages/snakemake/dag.py", line 220, in init
    await self.file2jobs(file),
    ^^^^^^^^^^^^^^^^^^^^^^^^^^

  File "/Users/truong01/miniconda3/envs/wildseq/lib/python3.12/site-packages/snakemake/dag.py", line 2435, in file2jobs
    raise MissingRuleException(targetfile)
          ^^^^^^^^^^^^^^^^^^^^^^^^^^^^^^^^

  File "/Users/truong01/miniconda3/envs/wildseq/lib/python3.12/site-packages/snakemake/exceptions.py", line 418, in __init__
    f"No rule to produce {fmt_iofile(file)} (if you use input "
                          ^^^^^^^^^^^^^^^^

  File "/Users/truong01/miniconda3/envs/wildseq/lib/python3.12/site-packages/snakemake/io/fmt.py", line 8, in fmt_iofile
    if f.is_storage:
       ^^^^^^^^^^^^

AttributeError: 'str' object has no attribute 'is_storage'

